[INFO][2018-12-17 09:56:32] org.springframework.boot.StartupInfoLogger.logStarting(StartupInfoLogger.java:48) Starting EvtpApplication on hhdl-B360M-POWER with PID 22763 (/root/ideaProjects/evtp/target/classes started by root in /root/ideaProjects/evtp) 
[INFO][2018-12-17 09:56:32] org.springframework.boot.SpringApplication.logStartupProfileInfo(SpringApplication.java:641) The following profiles are active: dev 
[INFO][2018-12-17 09:56:32] org.springframework.context.support.AbstractApplicationContext.prepareRefresh(AbstractApplicationContext.java:582) Refreshing org.springframework.boot.context.embedded.AnnotationConfigEmbeddedWebApplicationContext@7ff2a664: startup date [Mon Dec 17 09:56:32 CST 2018]; root of context hierarchy 
[INFO][2018-12-17 09:56:32] org.hibernate.validator.internal.util.Version.<clinit>(Version.java:30) HV000001: Hibernate Validator 5.3.4.Final 
[INFO][2018-12-17 09:56:33] org.springframework.context.support.PostProcessorRegistrationDelegate$BeanPostProcessorChecker.postProcessAfterInitialization(PostProcessorRegistrationDelegate.java:325) Bean 'org.springframework.boot.autoconfigure.validation.ValidationAutoConfiguration' of type [class org.springframework.boot.autoconfigure.validation.ValidationAutoConfiguration] is not eligible for getting processed by all BeanPostProcessors (for example: not eligible for auto-proxying) 
[INFO][2018-12-17 09:56:33] org.springframework.context.support.PostProcessorRegistrationDelegate$BeanPostProcessorChecker.postProcessAfterInitialization(PostProcessorRegistrationDelegate.java:325) Bean 'validator' of type [class org.springframework.validation.beanvalidation.LocalValidatorFactoryBean] is not eligible for getting processed by all BeanPostProcessors (for example: not eligible for auto-proxying) 
[INFO][2018-12-17 09:56:33] org.springframework.context.support.PostProcessorRegistrationDelegate$BeanPostProcessorChecker.postProcessAfterInitialization(PostProcessorRegistrationDelegate.java:325) Bean 'org.springframework.transaction.annotation.ProxyTransactionManagementConfiguration' of type [class org.springframework.transaction.annotation.ProxyTransactionManagementConfiguration$$EnhancerBySpringCGLIB$$6625d406] is not eligible for getting processed by all BeanPostProcessors (for example: not eligible for auto-proxying) 
[INFO][2018-12-17 09:56:33] org.springframework.boot.context.embedded.tomcat.TomcatEmbeddedServletContainer.initialize(TomcatEmbeddedServletContainer.java:89) Tomcat initialized with port(s): 8080 (http) 
[INFO][2018-12-17 09:56:33] org.springframework.boot.context.embedded.EmbeddedWebApplicationContext.prepareEmbeddedWebApplicationContext(EmbeddedWebApplicationContext.java:276) Root WebApplicationContext: initialization completed in 985 ms 
[INFO][2018-12-17 09:56:33] org.springframework.boot.web.servlet.ServletRegistrationBean.onStartup(ServletRegistrationBean.java:190) Mapping servlet: 'dispatcherServlet' to [/] 
[INFO][2018-12-17 09:56:33] org.springframework.boot.web.servlet.AbstractFilterRegistrationBean.configure(AbstractFilterRegistrationBean.java:258) Mapping filter: 'characterEncodingFilter' to: [/*] 
[INFO][2018-12-17 09:56:33] org.springframework.boot.web.servlet.AbstractFilterRegistrationBean.configure(AbstractFilterRegistrationBean.java:258) Mapping filter: 'hiddenHttpMethodFilter' to: [/*] 
[INFO][2018-12-17 09:56:33] org.springframework.boot.web.servlet.AbstractFilterRegistrationBean.configure(AbstractFilterRegistrationBean.java:258) Mapping filter: 'httpPutFormContentFilter' to: [/*] 
[INFO][2018-12-17 09:56:33] org.springframework.boot.web.servlet.AbstractFilterRegistrationBean.configure(AbstractFilterRegistrationBean.java:258) Mapping filter: 'requestContextFilter' to: [/*] 
[INFO][2018-12-17 09:56:33] com.alibaba.druid.pool.DruidDataSource.init(DruidDataSource.java:715) {dataSource-1} inited 
[INFO][2018-12-17 09:56:33] org.springframework.orm.jpa.LocalContainerEntityManagerFactoryBean.createNativeEntityManagerFactory(LocalContainerEntityManagerFactoryBean.java:349) Building JPA container EntityManagerFactory for persistence unit 'default' 
[INFO][2018-12-17 09:56:33] org.hibernate.jpa.internal.util.LogHelper.logPersistenceUnitInformation(LogHelper.java:31) HHH000204: Processing PersistenceUnitInfo [
	name: default
	...] 
[INFO][2018-12-17 09:56:33] org.hibernate.Version.logVersion(Version.java:37) HHH000412: Hibernate Core {5.0.11.Final} 
[INFO][2018-12-17 09:56:33] org.hibernate.cfg.Environment.<clinit>(Environment.java:213) HHH000206: hibernate.properties not found 
[INFO][2018-12-17 09:56:33] org.hibernate.cfg.Environment.buildBytecodeProvider(Environment.java:317) HHH000021: Bytecode provider name : javassist 
[INFO][2018-12-17 09:56:33] org.hibernate.annotations.common.reflection.java.JavaReflectionManager.<clinit>(JavaReflectionManager.java:66) HCANN000001: Hibernate Commons Annotations {5.0.1.Final} 
[INFO][2018-12-17 09:56:33] org.hibernate.dialect.Dialect.<init>(Dialect.java:156) HHH000400: Using dialect: org.hibernate.dialect.MySQLDialect 
[INFO][2018-12-17 09:56:34] org.springframework.orm.jpa.AbstractEntityManagerFactoryBean.buildNativeEntityManagerFactory(AbstractEntityManagerFactoryBean.java:382) Initialized JPA EntityManagerFactory for persistence unit 'default' 
[INFO][2018-12-17 09:56:34] org.springframework.web.servlet.mvc.method.annotation.RequestMappingHandlerAdapter.initControllerAdviceCache(RequestMappingHandlerAdapter.java:534) Looking for @ControllerAdvice: org.springframework.boot.context.embedded.AnnotationConfigEmbeddedWebApplicationContext@7ff2a664: startup date [Mon Dec 17 09:56:32 CST 2018]; root of context hierarchy 
[INFO][2018-12-17 09:56:34] org.springframework.web.servlet.handler.AbstractHandlerMethodMapping$MappingRegistry.register(AbstractHandlerMethodMapping.java:543) Mapped "{[/tChargingPile/list]}" onto public java.util.List<com.hhdl.evtp.model.TChargingPile> com.hhdl.evtp.controller.rest.TChargingPileController.getPage() 
[INFO][2018-12-17 09:56:34] org.springframework.web.servlet.handler.AbstractHandlerMethodMapping$MappingRegistry.register(AbstractHandlerMethodMapping.java:543) Mapped "{[/tChargingPile/save]}" onto public java.lang.String com.hhdl.evtp.controller.rest.TChargingPileController.saveLine(com.hhdl.evtp.model.TChargingPile) 
[INFO][2018-12-17 09:56:34] org.springframework.web.servlet.handler.AbstractHandlerMethodMapping$MappingRegistry.register(AbstractHandlerMethodMapping.java:543) Mapped "{[/tChargingPile/delbyId]}" onto public java.lang.String com.hhdl.evtp.controller.rest.TChargingPileController.delbyId(java.lang.String) 
[INFO][2018-12-17 09:56:34] org.springframework.web.servlet.handler.AbstractHandlerMethodMapping$MappingRegistry.register(AbstractHandlerMethodMapping.java:543) Mapped "{[/tChargingStation/list]}" onto public java.util.List<com.hhdl.evtp.model.TChargingStation> com.hhdl.evtp.controller.rest.TChargingStationController.getPage() 
[INFO][2018-12-17 09:56:34] org.springframework.web.servlet.handler.AbstractHandlerMethodMapping$MappingRegistry.register(AbstractHandlerMethodMapping.java:543) Mapped "{[/tChargingStation/save]}" onto public java.lang.String com.hhdl.evtp.controller.rest.TChargingStationController.saveLine(com.hhdl.evtp.model.TChargingStation) 
[INFO][2018-12-17 09:56:34] org.springframework.web.servlet.handler.AbstractHandlerMethodMapping$MappingRegistry.register(AbstractHandlerMethodMapping.java:543) Mapped "{[/tChargingStation/delbyId]}" onto public java.lang.String com.hhdl.evtp.controller.rest.TChargingStationController.delbyId(java.lang.String) 
[INFO][2018-12-17 09:56:34] org.springframework.web.servlet.handler.AbstractHandlerMethodMapping$MappingRegistry.register(AbstractHandlerMethodMapping.java:543) Mapped "{[/tChargingStation/getChargingStationByName]}" onto public java.util.List<com.hhdl.evtp.model.TChargingStationwithCp> com.hhdl.evtp.controller.rest.TChargingStationController.getChargingStationByName(java.lang.String) 
[INFO][2018-12-17 09:56:34] org.springframework.web.servlet.handler.AbstractHandlerMethodMapping$MappingRegistry.register(AbstractHandlerMethodMapping.java:543) Mapped "{[/tElectricVehicle/list]}" onto public java.util.List<com.hhdl.evtp.model.TElectricVehicle> com.hhdl.evtp.controller.rest.TElectricVehicleController.getPage() 
[INFO][2018-12-17 09:56:34] org.springframework.web.servlet.handler.AbstractHandlerMethodMapping$MappingRegistry.register(AbstractHandlerMethodMapping.java:543) Mapped "{[/tElectricVehicle/save]}" onto public java.lang.String com.hhdl.evtp.controller.rest.TElectricVehicleController.saveLine(com.hhdl.evtp.model.TElectricVehicle) 
[INFO][2018-12-17 09:56:34] org.springframework.web.servlet.handler.AbstractHandlerMethodMapping$MappingRegistry.register(AbstractHandlerMethodMapping.java:543) Mapped "{[/tElectricVehicle/update]}" onto public java.lang.String com.hhdl.evtp.controller.rest.TElectricVehicleController.updateLine(com.hhdl.evtp.model.TElectricVehicle) 
[INFO][2018-12-17 09:56:34] org.springframework.web.servlet.handler.AbstractHandlerMethodMapping$MappingRegistry.register(AbstractHandlerMethodMapping.java:543) Mapped "{[/tElectricVehicle/getAllListWithLine]}" onto public java.util.List<java.util.Map> com.hhdl.evtp.controller.rest.TElectricVehicleController.getAllTElectricVehicleWithLine() 
[INFO][2018-12-17 09:56:34] org.springframework.web.servlet.handler.AbstractHandlerMethodMapping$MappingRegistry.register(AbstractHandlerMethodMapping.java:543) Mapped "{[/tElectricVehicle/delbyId]}" onto public java.lang.String com.hhdl.evtp.controller.rest.TElectricVehicleController.delbyId(java.lang.String) 
[INFO][2018-12-17 09:56:34] org.springframework.web.servlet.handler.AbstractHandlerMethodMapping$MappingRegistry.register(AbstractHandlerMethodMapping.java:543) Mapped "{[/tElectricVehicle/getEVWithLineById]}" onto public com.hhdl.evtp.model.TElectricVehicleWithLine com.hhdl.evtp.controller.rest.TElectricVehicleController.getElectricVehicleWithLineById(java.util.Map<java.lang.String, java.lang.String>) 
[INFO][2018-12-17 09:56:34] org.springframework.web.servlet.handler.AbstractHandlerMethodMapping$MappingRegistry.register(AbstractHandlerMethodMapping.java:543) Mapped "{[/tLine/list]}" onto public java.util.List<com.hhdl.evtp.model.TLine> com.hhdl.evtp.controller.rest.TLineController.getPage() 
[INFO][2018-12-17 09:56:34] org.springframework.web.servlet.handler.AbstractHandlerMethodMapping$MappingRegistry.register(AbstractHandlerMethodMapping.java:543) Mapped "{[/tLine/save]}" onto public java.lang.String com.hhdl.evtp.controller.rest.TLineController.saveLine(com.hhdl.evtp.model.TLine) 
[INFO][2018-12-17 09:56:34] org.springframework.web.servlet.handler.AbstractHandlerMethodMapping$MappingRegistry.register(AbstractHandlerMethodMapping.java:543) Mapped "{[/tLine/delbyId]}" onto public java.lang.String com.hhdl.evtp.controller.rest.TLineController.delbyId(java.lang.String) 
[INFO][2018-12-17 09:56:34] org.springframework.web.servlet.handler.AbstractHandlerMethodMapping$MappingRegistry.register(AbstractHandlerMethodMapping.java:543) Mapped "{[/tLine/getLineByUserId]}" onto public java.util.List<com.hhdl.evtp.model.TLine> com.hhdl.evtp.controller.rest.TLineController.getLineByUserId(java.lang.String) 
[INFO][2018-12-17 09:56:34] org.springframework.web.servlet.handler.AbstractHandlerMethodMapping$MappingRegistry.register(AbstractHandlerMethodMapping.java:543) Mapped "{[/tLine/getAllLineGroupByUserId]}" onto public java.util.List com.hhdl.evtp.controller.rest.TLineController.getAllLineGroupByUserId() 
[INFO][2018-12-17 09:56:34] org.springframework.web.servlet.handler.AbstractHandlerMethodMapping$MappingRegistry.register(AbstractHandlerMethodMapping.java:543) Mapped "{[/test/savelines]}" onto private void com.hhdl.evtp.controller.rest.TestController.savelines() 
[INFO][2018-12-17 09:56:34] org.springframework.web.servlet.handler.AbstractHandlerMethodMapping$MappingRegistry.register(AbstractHandlerMethodMapping.java:543) Mapped "{[/test/test]}" onto public java.lang.String com.hhdl.evtp.controller.rest.TestController.listAllProvince() 
[INFO][2018-12-17 09:56:34] org.springframework.web.servlet.handler.AbstractHandlerMethodMapping$MappingRegistry.register(AbstractHandlerMethodMapping.java:543) Mapped "{[/error],produces=[text/html]}" onto public org.springframework.web.servlet.ModelAndView org.springframework.boot.autoconfigure.web.BasicErrorController.errorHtml(javax.servlet.http.HttpServletRequest,javax.servlet.http.HttpServletResponse) 
[INFO][2018-12-17 09:56:34] org.springframework.web.servlet.handler.AbstractHandlerMethodMapping$MappingRegistry.register(AbstractHandlerMethodMapping.java:543) Mapped "{[/error]}" onto public org.springframework.http.ResponseEntity<java.util.Map<java.lang.String, java.lang.Object>> org.springframework.boot.autoconfigure.web.BasicErrorController.error(javax.servlet.http.HttpServletRequest) 
[INFO][2018-12-17 09:56:34] org.springframework.web.servlet.handler.AbstractUrlHandlerMapping.registerHandler(AbstractUrlHandlerMapping.java:354) Mapped URL path [/webjars/**] onto handler of type [class org.springframework.web.servlet.resource.ResourceHttpRequestHandler] 
[INFO][2018-12-17 09:56:34] org.springframework.web.servlet.handler.AbstractUrlHandlerMapping.registerHandler(AbstractUrlHandlerMapping.java:354) Mapped URL path [/**] onto handler of type [class org.springframework.web.servlet.resource.ResourceHttpRequestHandler] 
[INFO][2018-12-17 09:56:34] org.springframework.web.servlet.mvc.method.annotation.ExceptionHandlerExceptionResolver.initExceptionHandlerAdviceCache(ExceptionHandlerExceptionResolver.java:273) Detected @ExceptionHandler methods in dataExceptionAdvice 
[INFO][2018-12-17 09:56:34] org.springframework.web.servlet.handler.AbstractUrlHandlerMapping.registerHandler(AbstractUrlHandlerMapping.java:354) Mapped URL path [/**/favicon.ico] onto handler of type [class org.springframework.web.servlet.resource.ResourceHttpRequestHandler] 
[INFO][2018-12-17 09:56:34] org.springframework.ui.freemarker.SpringTemplateLoader.<init>(SpringTemplateLoader.java:61) SpringTemplateLoader for FreeMarker: using resource loader [org.springframework.boot.context.embedded.AnnotationConfigEmbeddedWebApplicationContext@7ff2a664: startup date [Mon Dec 17 09:56:32 CST 2018]; root of context hierarchy] and template loader path [classpath:/templates/] 
[INFO][2018-12-17 09:56:34] org.springframework.web.servlet.view.freemarker.FreeMarkerConfigurer.postProcessTemplateLoaders(FreeMarkerConfigurer.java:127) ClassTemplateLoader for Spring macros added to FreeMarker configuration 
[INFO][2018-12-17 09:56:34] org.springframework.jmx.export.MBeanExporter.afterSingletonsInstantiated(MBeanExporter.java:431) Registering beans for JMX exposure on startup 
[INFO][2018-12-17 09:56:34] org.springframework.jmx.export.MBeanExporter.autodetect(MBeanExporter.java:916) Bean with name 'dataSource' has been autodetected for JMX exposure 
[INFO][2018-12-17 09:56:34] org.springframework.jmx.export.MBeanExporter.registerBeanInstance(MBeanExporter.java:671) Located MBean 'dataSource': registering with JMX server as MBean [com.alibaba.druid.pool:name=dataSource,type=DruidDataSource] 
[INFO][2018-12-17 09:56:34] org.springframework.boot.context.embedded.tomcat.TomcatEmbeddedServletContainer.start(TomcatEmbeddedServletContainer.java:192) Tomcat started on port(s): 8080 (http) 
[INFO][2018-12-17 09:56:34] org.springframework.boot.StartupInfoLogger.logStarted(StartupInfoLogger.java:57) Started EvtpApplication in 2.73 seconds (JVM running for 3.105) 
[INFO][2018-12-17 09:56:41] org.springframework.web.servlet.FrameworkServlet.initServletBean(FrameworkServlet.java:489) FrameworkServlet 'dispatcherServlet': initialization started 
[INFO][2018-12-17 09:56:41] org.springframework.web.servlet.FrameworkServlet.initServletBean(FrameworkServlet.java:508) FrameworkServlet 'dispatcherServlet': initialization completed in 12 ms 
